# JRE version: Java(TM) SE Runtime Environment (8.0_71-b15) (build 1.8.0_71-b15)
# Java VM: Java HotSpot(TM) 64-Bit Server VM (25.71-b15 mixed mode windows-amd64 compressed oops)
Heap:
 PSYoungGen      total 107008K, used 12023K [0x00000000eab00000, 0x00000000f2900000, 0x0000000100000000)
  eden space 94720K, 0% used [0x00000000eab00000,0x00000000eab00000,0x00000000f0780000)
  from space 12288K, 97% used [0x00000000f1580000,0x00000000f213de80,0x00000000f2180000)
  to   space 14336K, 0% used [0x00000000f0780000,0x00000000f0780000,0x00000000f1580000)
 ParOldGen       total 38400K, used 11449K [0x00000000c0000000, 0x00000000c2580000, 0x00000000eab00000)
  object space 38400K, 29% used [0x00000000c0000000,0x00000000c0b2e4f0,0x00000000c2580000)
 Metaspace       used 34521K, capacity 35288K, committed 35456K, reserved 1079296K
  class space    used 4625K, capacity 4867K, committed 4992K, reserved 1048576K
GC Heap History (10 events):
Event: 13.333 GC heap after
Heap after GC invocations=9 (full 1):
 PSYoungGen      total 73728K, used 1968K [0x00000000eab00000, 0x00000000f0a00000, 0x0000000100000000)
  eden space 64512K, 0% used [0x00000000eab00000,0x00000000eab00000,0x00000000eea00000)
  from space 9216K, 21% used [0x00000000ef280000,0x00000000ef46c040,0x00000000efb80000)
  to   space 8704K, 0% used [0x00000000eea00000,0x00000000eea00000,0x00000000ef280000)
 ParOldGen       total 38400K, used 7864K [0x00000000c0000000, 0x00000000c2580000, 0x00000000eab00000)
  object space 38400K, 20% used [0x00000000c0000000,0x00000000c07ae0e0,0x00000000c2580000)
 Metaspace       used 21232K, capacity 21632K, committed 21888K, reserved 1069056K
  class space    used 2758K, capacity 2892K, committed 2944K, reserved 1048576K
}
Event: 14.528 GC heap before
{Heap before GC invocations=10 (full 1):
 PSYoungGen      total 73728K, used 66480K [0x00000000eab00000, 0x00000000f0a00000, 0x0000000100000000)
  eden space 64512K, 100% used [0x00000000eab00000,0x00000000eea00000,0x00000000eea00000)
  from space 9216K, 21% used [0x00000000ef280000,0x00000000ef46c040,0x00000000efb80000)
  to   space 8704K, 0% used [0x00000000eea00000,0x00000000eea00000,0x00000000ef280000)
 ParOldGen       total 38400K, used 7864K [0x00000000c0000000, 0x00000000c2580000, 0x00000000eab00000)
  object space 38400K, 20% used [0x00000000c0000000,0x00000000c07ae0e0,0x00000000c2580000)
 Metaspace       used 23020K, capacity 23506K, committed 23680K, reserved 1069056K
  class space    used 2957K, capacity 3146K, committed 3200K, reserved 1048576K
Event: 14.541 GC heap after
Heap after GC invocations=10 (full 1):
 PSYoungGen      total 73216K, used 4058K [0x00000000eab00000, 0x00000000f0a80000, 0x0000000100000000)
  eden space 64512K, 0% used [0x00000000eab00000,0x00000000eab00000,0x00000000eea00000)
  from space 8704K, 46% used [0x00000000eea00000,0x00000000eedf6830,0x00000000ef280000)
  to   space 8192K, 0% used [0x00000000f0280000,0x00000000f0280000,0x00000000f0a80000)
 ParOldGen       total 38400K, used 7872K [0x00000000c0000000, 0x00000000c2580000, 0x00000000eab00000)
  object space 38400K, 20% used [0x00000000c0000000,0x00000000c07b00e0,0x00000000c2580000)
 Metaspace       used 23020K, capacity 23506K, committed 23680K, reserved 1069056K
  class space    used 2957K, capacity 3146K, committed 3200K, reserved 1048576K
}
Event: 16.264 GC heap before
{Heap before GC invocations=11 (full 1):
 PSYoungGen      total 73216K, used 68570K [0x00000000eab00000, 0x00000000f0a80000, 0x0000000100000000)
  eden space 64512K, 100% used [0x00000000eab00000,0x00000000eea00000,0x00000000eea00000)
  from space 8704K, 46% used [0x00000000eea00000,0x00000000eedf6830,0x00000000ef280000)
  to   space 8192K, 0% used [0x00000000f0280000,0x00000000f0280000,0x00000000f0a80000)
 ParOldGen       total 38400K, used 7872K [0x00000000c0000000, 0x00000000c2580000, 0x00000000eab00000)
  object space 38400K, 20% used [0x00000000c0000000,0x00000000c07b00e0,0x00000000c2580000)
 Metaspace       used 27652K, capacity 28256K, committed 28544K, reserved 1073152K
  class space    used 3734K, capacity 3871K, committed 3968K, reserved 1048576K
Event: 16.284 GC heap after
Heap after GC invocations=11 (full 1):
 PSYoungGen      total 87552K, used 8171K [0x00000000eab00000, 0x00000000f0e00000, 0x0000000100000000)
  eden space 79360K, 0% used [0x00000000eab00000,0x00000000eab00000,0x00000000ef880000)
  from space 8192K, 99% used [0x00000000f0280000,0x00000000f0a7afd8,0x00000000f0a80000)
  to   space 10240K, 0% used [0x00000000ef880000,0x00000000ef880000,0x00000000f0280000)
 ParOldGen       total 38400K, used 9942K [0x00000000c0000000, 0x00000000c2580000, 0x00000000eab00000)
  object space 38400K, 25% used [0x00000000c0000000,0x00000000c09b5960,0x00000000c2580000)
 Metaspace       used 27652K, capacity 28256K, committed 28544K, reserved 1073152K
  class space    used 3734K, capacity 3871K, committed 3968K, reserved 1048576K
}
Event: 30.526 GC heap before
{Heap before GC invocations=12 (full 1):
 PSYoungGen      total 87552K, used 87531K [0x00000000eab00000, 0x00000000f0e00000, 0x0000000100000000)
  eden space 79360K, 100% used [0x00000000eab00000,0x00000000ef880000,0x00000000ef880000)
  from space 8192K, 99% used [0x00000000f0280000,0x00000000f0a7afd8,0x00000000f0a80000)
  to   space 10240K, 0% used [0x00000000ef880000,0x00000000ef880000,0x00000000f0280000)
 ParOldGen       total 38400K, used 9942K [0x00000000c0000000, 0x00000000c2580000, 0x00000000eab00000)
  object space 38400K, 25% used [0x00000000c0000000,0x00000000c09b5960,0x00000000c2580000)
 Metaspace       used 32114K, capacity 32846K, committed 32896K, reserved 1077248K
  class space    used 4245K, capacity 4442K, committed 4480K, reserved 1048576K
Event: 30.568 GC heap after
Heap after GC invocations=12 (full 1):
 PSYoungGen      total 89600K, used 10209K [0x00000000eab00000, 0x00000000f2180000, 0x0000000100000000)
  eden space 79360K, 0% used [0x00000000eab00000,0x00000000eab00000,0x00000000ef880000)
  from space 10240K, 99% used [0x00000000ef880000,0x00000000f0278700,0x00000000f0280000)
  to   space 12288K, 0% used [0x00000000f1580000,0x00000000f1580000,0x00000000f2180000)
 ParOldGen       total 38400K, used 11377K [0x00000000c0000000, 0x00000000c2580000, 0x00000000eab00000)
  object space 38400K, 29% used [0x00000000c0000000,0x00000000c0b1c4e0,0x00000000c2580000)
 Metaspace       used 32114K, capacity 32846K, committed 32896K, reserved 1077248K
  class space    used 4245K, capacity 4442K, committed 4480K, reserved 1048576K
}
Event: 31.467 GC heap before
{Heap before GC invocations=13 (full 1):
 PSYoungGen      total 89600K, used 39469K [0x00000000eab00000, 0x00000000f2180000, 0x0000000100000000)
  eden space 79360K, 36% used [0x00000000eab00000,0x00000000ec793080,0x00000000ef880000)
  from space 10240K, 99% used [0x00000000ef880000,0x00000000f0278700,0x00000000f0280000)
  to   space 12288K, 0% used [0x00000000f1580000,0x00000000f1580000,0x00000000f2180000)
 ParOldGen       total 38400K, used 11377K [0x00000000c0000000, 0x00000000c2580000, 0x00000000eab00000)
  object space 38400K, 29% used [0x00000000c0000000,0x00000000c0b1c4e0,0x00000000c2580000)
 Metaspace       used 34521K, capacity 35288K, committed 35456K, reserved 1079296K
  class space    used 4625K, capacity 4867K, committed 4992K, reserved 1048576K
Event: 31.494 GC heap after
Heap after GC invocations=13 (full 1):
 PSYoungGen      total 107008K, used 12023K [0x00000000eab00000, 0x00000000f2900000, 0x0000000100000000)
  eden space 94720K, 0% used [0x00000000eab00000,0x00000000eab00000,0x00000000f0780000)
  from space 12288K, 97% used [0x00000000f1580000,0x00000000f213de80,0x00000000f2180000)
  to   space 14336K, 0% used [0x00000000f0780000,0x00000000f0780000,0x00000000f1580000)
 ParOldGen       total 38400K, used 11449K [0x00000000c0000000, 0x00000000c2580000, 0x00000000eab00000)
  object space 38400K, 29% used [0x00000000c0000000,0x00000000c0b2e4f0,0x00000000c2580000)
 Metaspace       used 34521K, capacity 35288K, committed 35456K, reserved 1079296K
  class space    used 4625K, capacity 4867K, committed 4992K, reserved 1048576K
}
Event: 31.494 GC heap before
{Heap before GC invocations=14 (full 2):
 PSYoungGen      total 107008K, used 12023K [0x00000000eab00000, 0x00000000f2900000, 0x0000000100000000)
  eden space 94720K, 0% used [0x00000000eab00000,0x00000000eab00000,0x00000000f0780000)
  from space 12288K, 97% used [0x00000000f1580000,0x00000000f213de80,0x00000000f2180000)
  to   space 14336K, 0% used [0x00000000f0780000,0x00000000f0780000,0x00000000f1580000)
 ParOldGen       total 38400K, used 11449K [0x00000000c0000000, 0x00000000c2580000, 0x00000000eab00000)
  object space 38400K, 29% used [0x00000000c0000000,0x00000000c0b2e4f0,0x00000000c2580000)
 Metaspace       used 34521K, capacity 35288K, committed 35456K, reserved 1079296K
  class space    used 4625K, capacity 4867K, committed 4992K, reserved 1048576K

