# JRE version: Java(TM) SE Runtime Environment (8.0_71-b15) (build 1.8.0_71-b15)
# Java VM: Java HotSpot(TM) 64-Bit Server VM (25.71-b15 mixed mode windows-amd64 compressed oops)
Heap:
 PSYoungGen      total 149504K, used 69412K [0x00000000eab00000, 0x00000000f4f00000, 0x0000000100000000)
  eden space 138240K, 50% used [0x00000000eab00000,0x00000000eeec91c8,0x00000000f3200000)
  from space 11264K, 0% used [0x00000000f3880000,0x00000000f3880000,0x00000000f4380000)
  to   space 11776K, 0% used [0x00000000f4380000,0x00000000f4380000,0x00000000f4f00000)
 ParOldGen       total 55296K, used 38533K [0x00000000c0000000, 0x00000000c3600000, 0x00000000eab00000)
  object space 55296K, 69% used [0x00000000c0000000,0x00000000c25a14c0,0x00000000c3600000)
 Metaspace       used 43244K, capacity 45040K, committed 45312K, reserved 1087488K
  class space    used 5954K, capacity 6353K, committed 6400K, reserved 1048576K
GC Heap History (10 events):
Event: 22.202 GC heap before
{Heap before GC invocations=14 (full 1):
 PSYoungGen      total 118272K, used 76852K [0x00000000eab00000, 0x00000000f2900000, 0x0000000100000000)
  eden space 110592K, 64% used [0x00000000eab00000,0x00000000ef0218f0,0x00000000f1700000)
  from space 7680K, 78% used [0x00000000f2180000,0x00000000f276b898,0x00000000f2900000)
  to   space 9216K, 0% used [0x00000000f1700000,0x00000000f1700000,0x00000000f2000000)
 ParOldGen       total 32256K, used 15896K [0x00000000c0000000, 0x00000000c1f80000, 0x00000000eab00000)
  object space 32256K, 49% used [0x00000000c0000000,0x00000000c0f86118,0x00000000c1f80000)
 Metaspace       used 34528K, capacity 35326K, committed 35496K, reserved 1079296K
  class space    used 4634K, capacity 4862K, committed 4864K, reserved 1048576K
Event: 22.231 GC heap after
Heap after GC invocations=14 (full 1):
 PSYoungGen      total 119808K, used 7812K [0x00000000eab00000, 0x00000000f5280000, 0x0000000100000000)
  eden space 110592K, 0% used [0x00000000eab00000,0x00000000eab00000,0x00000000f1700000)
  from space 9216K, 84% used [0x00000000f1700000,0x00000000f1ea10b0,0x00000000f2000000)
  to   space 10240K, 0% used [0x00000000f4880000,0x00000000f4880000,0x00000000f5280000)
 ParOldGen       total 32256K, used 18073K [0x00000000c0000000, 0x00000000c1f80000, 0x00000000eab00000)
  object space 32256K, 56% used [0x00000000c0000000,0x00000000c11a6558,0x00000000c1f80000)
 Metaspace       used 34528K, capacity 35326K, committed 35496K, reserved 1079296K
  class space    used 4634K, capacity 4862K, committed 4864K, reserved 1048576K
}
Event: 22.231 GC heap before
{Heap before GC invocations=15 (full 2):
 PSYoungGen      total 119808K, used 7812K [0x00000000eab00000, 0x00000000f5280000, 0x0000000100000000)
  eden space 110592K, 0% used [0x00000000eab00000,0x00000000eab00000,0x00000000f1700000)
  from space 9216K, 84% used [0x00000000f1700000,0x00000000f1ea10b0,0x00000000f2000000)
  to   space 10240K, 0% used [0x00000000f4880000,0x00000000f4880000,0x00000000f5280000)
 ParOldGen       total 32256K, used 18073K [0x00000000c0000000, 0x00000000c1f80000, 0x00000000eab00000)
  object space 32256K, 56% used [0x00000000c0000000,0x00000000c11a6558,0x00000000c1f80000)
 Metaspace       used 34528K, capacity 35326K, committed 35496K, reserved 1079296K
  class space    used 4634K, capacity 4862K, committed 4864K, reserved 1048576K
Event: 22.571 GC heap after
Heap after GC invocations=15 (full 2):
 PSYoungGen      total 119808K, used 0K [0x00000000eab00000, 0x00000000f5280000, 0x0000000100000000)
  eden space 110592K, 0% used [0x00000000eab00000,0x00000000eab00000,0x00000000f1700000)
  from space 9216K, 0% used [0x00000000f1700000,0x00000000f1700000,0x00000000f2000000)
  to   space 10240K, 0% used [0x00000000f4880000,0x00000000f4880000,0x00000000f5280000)
 ParOldGen       total 55296K, used 20291K [0x00000000c0000000, 0x00000000c3600000, 0x00000000eab00000)
  object space 55296K, 36% used [0x00000000c0000000,0x00000000c13d0f80,0x00000000c3600000)
 Metaspace       used 34508K, capacity 35304K, committed 35496K, reserved 1079296K
  class space    used 4628K, capacity 4856K, committed 4864K, reserved 1048576K
}
Event: 25.267 GC heap before
{Heap before GC invocations=16 (full 2):
 PSYoungGen      total 119808K, used 110592K [0x00000000eab00000, 0x00000000f5280000, 0x0000000100000000)
  eden space 110592K, 100% used [0x00000000eab00000,0x00000000f1700000,0x00000000f1700000)
  from space 9216K, 0% used [0x00000000f1700000,0x00000000f1700000,0x00000000f2000000)
  to   space 10240K, 0% used [0x00000000f4880000,0x00000000f4880000,0x00000000f5280000)
 ParOldGen       total 55296K, used 20291K [0x00000000c0000000, 0x00000000c3600000, 0x00000000eab00000)
  object space 55296K, 36% used [0x00000000c0000000,0x00000000c13d0f80,0x00000000c3600000)
 Metaspace       used 38924K, capacity 39744K, committed 39936K, reserved 1083392K
  class space    used 5297K, capacity 5510K, committed 5632K, reserved 1048576K
Event: 25.298 GC heap after
Heap after GC invocations=16 (full 2):
 PSYoungGen      total 148480K, used 10237K [0x00000000eab00000, 0x00000000f5280000, 0x0000000100000000)
  eden space 138240K, 0% used [0x00000000eab00000,0x00000000eab00000,0x00000000f3200000)
  from space 10240K, 99% used [0x00000000f4880000,0x00000000f527f5c8,0x00000000f5280000)
  to   space 13312K, 0% used [0x00000000f3880000,0x00000000f3880000,0x00000000f4580000)
 ParOldGen       total 55296K, used 24948K [0x00000000c0000000, 0x00000000c3600000, 0x00000000eab00000)
  object space 55296K, 45% used [0x00000000c0000000,0x00000000c185d1f0,0x00000000c3600000)
 Metaspace       used 38924K, capacity 39744K, committed 39936K, reserved 1083392K
  class space    used 5297K, capacity 5510K, committed 5632K, reserved 1048576K
}
Event: 27.299 GC heap before
{Heap before GC invocations=17 (full 2):
 PSYoungGen      total 148480K, used 114076K [0x00000000eab00000, 0x00000000f5280000, 0x0000000100000000)
  eden space 138240K, 75% used [0x00000000eab00000,0x00000000f1067df8,0x00000000f3200000)
  from space 10240K, 99% used [0x00000000f4880000,0x00000000f527f5c8,0x00000000f5280000)
  to   space 13312K, 0% used [0x00000000f3880000,0x00000000f3880000,0x00000000f4580000)
 ParOldGen       total 55296K, used 24948K [0x00000000c0000000, 0x00000000c3600000, 0x00000000eab00000)
  object space 55296K, 45% used [0x00000000c0000000,0x00000000c185d1f0,0x00000000c3600000)
 Metaspace       used 42629K, capacity 44202K, committed 44544K, reserved 1087488K
  class space    used 5918K, capacity 6307K, committed 6400K, reserved 1048576K
Event: 27.345 GC heap after
Heap after GC invocations=17 (full 2):
 PSYoungGen      total 149504K, used 11058K [0x00000000eab00000, 0x00000000f4f00000, 0x0000000100000000)
  eden space 138240K, 0% used [0x00000000eab00000,0x00000000eab00000,0x00000000f3200000)
  from space 11264K, 98% used [0x00000000f3880000,0x00000000f434ca60,0x00000000f4380000)
  to   space 11776K, 0% used [0x00000000f4380000,0x00000000f4380000,0x00000000f4f00000)
 ParOldGen       total 55296K, used 34961K [0x00000000c0000000, 0x00000000c3600000, 0x00000000eab00000)
  object space 55296K, 63% used [0x00000000c0000000,0x00000000c2224598,0x00000000c3600000)
 Metaspace       used 42629K, capacity 44202K, committed 44544K, reserved 1087488K
  class space    used 5918K, capacity 6307K, committed 6400K, reserved 1048576K
}
Event: 27.345 GC heap before
{Heap before GC invocations=18 (full 3):
 PSYoungGen      total 149504K, used 11058K [0x00000000eab00000, 0x00000000f4f00000, 0x0000000100000000)
  eden space 138240K, 0% used [0x00000000eab00000,0x00000000eab00000,0x00000000f3200000)
  from space 11264K, 98% used [0x00000000f3880000,0x00000000f434ca60,0x00000000f4380000)
  to   space 11776K, 0% used [0x00000000f4380000,0x00000000f4380000,0x00000000f4f00000)
 ParOldGen       total 55296K, used 34961K [0x00000000c0000000, 0x00000000c3600000, 0x00000000eab00000)
  object space 55296K, 63% used [0x00000000c0000000,0x00000000c2224598,0x00000000c3600000)
 Metaspace       used 42629K, capacity 44202K, committed 44544K, reserved 1087488K
  class space    used 5918K, capacity 6307K, committed 6400K, reserved 1048576K
Event: 27.814 GC heap after
Heap after GC invocations=18 (full 3):
 PSYoungGen      total 149504K, used 0K [0x00000000eab00000, 0x00000000f4f00000, 0x0000000100000000)
  eden space 138240K, 0% used [0x00000000eab00000,0x00000000eab00000,0x00000000f3200000)
  from space 11264K, 0% used [0x00000000f3880000,0x00000000f3880000,0x00000000f4380000)
  to   space 11776K, 0% used [0x00000000f4380000,0x00000000f4380000,0x00000000f4f00000)
 ParOldGen       total 55296K, used 38533K [0x00000000c0000000, 0x00000000c3600000, 0x00000000eab00000)
  object space 55296K, 69% used [0x00000000c0000000,0x00000000c25a14c0,0x00000000c3600000)
 Metaspace       used 42629K, capacity 44202K, committed 44544K, reserved 1087488K
  class space    used 5918K, capacity 6307K, committed 6400K, reserved 1048576K
}

