# JRE version: Java(TM) SE Runtime Environment (8.0_71-b15) (build 1.8.0_71-b15)
# Java VM: Java HotSpot(TM) 64-Bit Server VM (25.71-b15 mixed mode windows-amd64 compressed oops)
Heap:
 PSYoungGen      total 313856K, used 92788K [0x00000000eab00000, 0x00000000ff200000, 0x0000000100000000)
  eden space 292864K, 31% used [0x00000000eab00000,0x00000000f059d220,0x00000000fc900000)
  from space 20992K, 0% used [0x00000000fc900000,0x00000000fc900000,0x00000000fdd80000)
  to   space 20992K, 0% used [0x00000000fdd80000,0x00000000fdd80000,0x00000000ff200000)
 ParOldGen       total 89600K, used 44146K [0x00000000c0000000, 0x00000000c5780000, 0x00000000eab00000)
  object space 89600K, 49% used [0x00000000c0000000,0x00000000c2b1ca28,0x00000000c5780000)
 Metaspace       used 62669K, capacity 67556K, committed 68992K, reserved 1110016K
  class space    used 8080K, capacity 8697K, committed 9088K, reserved 1048576K
GC Heap History (10 events):
Event: 8644.654 GC heap before
{Heap before GC invocations=50 (full 15):
 PSYoungGen      total 328192K, used 251498K [0x00000000eab00000, 0x0000000100000000, 0x0000000100000000)
  eden space 306688K, 82% used [0x00000000eab00000,0x00000000fa09a9e8,0x00000000fd680000)
  from space 21504K, 0% used [0x00000000feb00000,0x00000000feb00000,0x0000000100000000)
  to   space 20992K, 0% used [0x00000000fd680000,0x00000000fd680000,0x00000000feb00000)
 ParOldGen       total 89600K, used 43203K [0x00000000c0000000, 0x00000000c5780000, 0x00000000eab00000)
  object space 89600K, 48% used [0x00000000c0000000,0x00000000c2a30db8,0x00000000c5780000)
 Metaspace       used 63403K, capacity 68600K, committed 68736K, reserved 1110016K
  class space    used 8254K, capacity 9002K, committed 9088K, reserved 1048576K
Event: 8644.713 GC heap after
Heap after GC invocations=50 (full 15):
 PSYoungGen      total 320512K, used 13548K [0x00000000eab00000, 0x0000000100000000, 0x0000000100000000)
  eden space 306688K, 0% used [0x00000000eab00000,0x00000000eab00000,0x00000000fd680000)
  from space 13824K, 98% used [0x00000000fd680000,0x00000000fe3bb368,0x00000000fe400000)
  to   space 22016K, 0% used [0x00000000fea80000,0x00000000fea80000,0x0000000100000000)
 ParOldGen       total 89600K, used 43211K [0x00000000c0000000, 0x00000000c5780000, 0x00000000eab00000)
  object space 89600K, 48% used [0x00000000c0000000,0x00000000c2a32db8,0x00000000c5780000)
 Metaspace       used 63403K, capacity 68600K, committed 68736K, reserved 1110016K
  class space    used 8254K, capacity 9002K, committed 9088K, reserved 1048576K
}
Event: 8644.714 GC heap before
{Heap before GC invocations=51 (full 16):
 PSYoungGen      total 320512K, used 13548K [0x00000000eab00000, 0x0000000100000000, 0x0000000100000000)
  eden space 306688K, 0% used [0x00000000eab00000,0x00000000eab00000,0x00000000fd680000)
  from space 13824K, 98% used [0x00000000fd680000,0x00000000fe3bb368,0x00000000fe400000)
  to   space 22016K, 0% used [0x00000000fea80000,0x00000000fea80000,0x0000000100000000)
 ParOldGen       total 89600K, used 43211K [0x00000000c0000000, 0x00000000c5780000, 0x00000000eab00000)
  object space 89600K, 48% used [0x00000000c0000000,0x00000000c2a32db8,0x00000000c5780000)
 Metaspace       used 63403K, capacity 68600K, committed 68736K, reserved 1110016K
  class space    used 8254K, capacity 9002K, committed 9088K, reserved 1048576K
Event: 8645.443 GC heap after
Heap after GC invocations=51 (full 16):
 PSYoungGen      total 320512K, used 0K [0x00000000eab00000, 0x0000000100000000, 0x0000000100000000)
  eden space 306688K, 0% used [0x00000000eab00000,0x00000000eab00000,0x00000000fd680000)
  from space 13824K, 0% used [0x00000000fd680000,0x00000000fd680000,0x00000000fe400000)
  to   space 22016K, 0% used [0x00000000fea80000,0x00000000fea80000,0x0000000100000000)
 ParOldGen       total 89600K, used 52078K [0x00000000c0000000, 0x00000000c5780000, 0x00000000eab00000)
  object space 89600K, 58% used [0x00000000c0000000,0x00000000c32db9a0,0x00000000c5780000)
 Metaspace       used 63256K, capacity 68322K, committed 68736K, reserved 1110016K
  class space    used 8225K, capacity 8959K, committed 9088K, reserved 1048576K
}
Event: 15348.422 GC heap before
{Heap before GC invocations=52 (full 16):
 PSYoungGen      total 320512K, used 306688K [0x00000000eab00000, 0x0000000100000000, 0x0000000100000000)
  eden space 306688K, 100% used [0x00000000eab00000,0x00000000fd680000,0x00000000fd680000)
  from space 13824K, 0% used [0x00000000fd680000,0x00000000fd680000,0x00000000fe400000)
  to   space 22016K, 0% used [0x00000000fea80000,0x00000000fea80000,0x0000000100000000)
 ParOldGen       total 89600K, used 52078K [0x00000000c0000000, 0x00000000c5780000, 0x00000000eab00000)
  object space 89600K, 58% used [0x00000000c0000000,0x00000000c32db9a0,0x00000000c5780000)
 Metaspace       used 63426K, capacity 68718K, committed 68992K, reserved 1110016K
  class space    used 8246K, capacity 8988K, committed 9088K, reserved 1048576K
Event: 15348.604 GC heap after
Heap after GC invocations=52 (full 16):
 PSYoungGen      total 300544K, used 4688K [0x00000000eab00000, 0x00000000ff200000, 0x0000000100000000)
  eden space 292864K, 0% used [0x00000000eab00000,0x00000000eab00000,0x00000000fc900000)
  from space 7680K, 61% used [0x00000000fea80000,0x00000000fef14010,0x00000000ff200000)
  to   space 20992K, 0% used [0x00000000fc900000,0x00000000fc900000,0x00000000fdd80000)
 ParOldGen       total 89600K, used 52078K [0x00000000c0000000, 0x00000000c5780000, 0x00000000eab00000)
  object space 89600K, 58% used [0x00000000c0000000,0x00000000c32db9a0,0x00000000c5780000)
 Metaspace       used 63426K, capacity 68718K, committed 68992K, reserved 1110016K
  class space    used 8246K, capacity 8988K, committed 9088K, reserved 1048576K
}
Event: 15355.809 GC heap before
{Heap before GC invocations=53 (full 16):
 PSYoungGen      total 300544K, used 72638K [0x00000000eab00000, 0x00000000ff200000, 0x0000000100000000)
  eden space 292864K, 23% used [0x00000000eab00000,0x00000000eed5b9d8,0x00000000fc900000)
  from space 7680K, 61% used [0x00000000fea80000,0x00000000fef14010,0x00000000ff200000)
  to   space 20992K, 0% used [0x00000000fc900000,0x00000000fc900000,0x00000000fdd80000)
 ParOldGen       total 89600K, used 52078K [0x00000000c0000000, 0x00000000c5780000, 0x00000000eab00000)
  object space 89600K, 58% used [0x00000000c0000000,0x00000000c32db9a0,0x00000000c5780000)
 Metaspace       used 63506K, capacity 68844K, committed 68992K, reserved 1110016K
  class space    used 8258K, capacity 9009K, committed 9088K, reserved 1048576K
Event: 15355.814 GC heap after
Heap after GC invocations=53 (full 16):
 PSYoungGen      total 313856K, used 1488K [0x00000000eab00000, 0x00000000ff200000, 0x0000000100000000)
  eden space 292864K, 0% used [0x00000000eab00000,0x00000000eab00000,0x00000000fc900000)
  from space 20992K, 7% used [0x00000000fc900000,0x00000000fca74010,0x00000000fdd80000)
  to   space 20992K, 0% used [0x00000000fdd80000,0x00000000fdd80000,0x00000000ff200000)
 ParOldGen       total 89600K, used 52078K [0x00000000c0000000, 0x00000000c5780000, 0x00000000eab00000)
  object space 89600K, 58% used [0x00000000c0000000,0x00000000c32db9a0,0x00000000c5780000)
 Metaspace       used 63506K, capacity 68844K, committed 68992K, reserved 1110016K
  class space    used 8258K, capacity 9009K, committed 9088K, reserved 1048576K
}
Event: 15355.815 GC heap before
{Heap before GC invocations=54 (full 17):
 PSYoungGen      total 313856K, used 1488K [0x00000000eab00000, 0x00000000ff200000, 0x0000000100000000)
  eden space 292864K, 0% used [0x00000000eab00000,0x00000000eab00000,0x00000000fc900000)
  from space 20992K, 7% used [0x00000000fc900000,0x00000000fca74010,0x00000000fdd80000)
  to   space 20992K, 0% used [0x00000000fdd80000,0x00000000fdd80000,0x00000000ff200000)
 ParOldGen       total 89600K, used 52078K [0x00000000c0000000, 0x00000000c5780000, 0x00000000eab00000)
  object space 89600K, 58% used [0x00000000c0000000,0x00000000c32db9a0,0x00000000c5780000)
 Metaspace       used 63506K, capacity 68844K, committed 68992K, reserved 1110016K
  class space    used 8258K, capacity 9009K, committed 9088K, reserved 1048576K
Event: 15356.285 GC heap after
Heap after GC invocations=54 (full 17):
 PSYoungGen      total 313856K, used 0K [0x00000000eab00000, 0x00000000ff200000, 0x0000000100000000)
  eden space 292864K, 0% used [0x00000000eab00000,0x00000000eab00000,0x00000000fc900000)
  from space 20992K, 0% used [0x00000000fc900000,0x00000000fc900000,0x00000000fdd80000)
  to   space 20992K, 0% used [0x00000000fdd80000,0x00000000fdd80000,0x00000000ff200000)
 ParOldGen       total 89600K, used 44146K [0x00000000c0000000, 0x00000000c5780000, 0x00000000eab00000)
  object space 89600K, 49% used [0x00000000c0000000,0x00000000c2b1ca28,0x00000000c5780000)
 Metaspace       used 62490K, capacity 67254K, committed 68992K, reserved 1110016K
  class space    used 8052K, capacity 8653K, committed 9088K, reserved 1048576K
}

